0 info it worked if it ends with ok
1 verbose cli [ '/usr/local/bin/node',
1 verbose cli   '/usr/local/bin/npm',
1 verbose cli   'install',
1 verbose cli   'linter-eslint' ]
2 info using npm@3.10.10
3 info using node@v6.11.2
4 silly loadCurrentTree Starting
5 silly install loadCurrentTree
6 silly install readLocalPackageData
7 silly fetchPackageMetaData linter-eslint
8 silly fetchNamedPackageData linter-eslint
9 silly mapToRegistry name linter-eslint
10 silly mapToRegistry using default registry
11 silly mapToRegistry registry https://registry.npmjs.org/
12 silly mapToRegistry data Result {
12 silly mapToRegistry   raw: 'linter-eslint',
12 silly mapToRegistry   scope: null,
12 silly mapToRegistry   escapedName: 'linter-eslint',
12 silly mapToRegistry   name: 'linter-eslint',
12 silly mapToRegistry   rawSpec: '',
12 silly mapToRegistry   spec: 'latest',
12 silly mapToRegistry   type: 'tag' }
13 silly mapToRegistry uri https://registry.npmjs.org/linter-eslint
14 verbose request uri https://registry.npmjs.org/linter-eslint
15 verbose request no auth needed
16 info attempt registry request try #1 at 10:34:54 AM
17 verbose request id 077968d9a5477310
18 http request GET https://registry.npmjs.org/linter-eslint
19 http 200 https://registry.npmjs.org/linter-eslint
20 verbose headers { server: 'nginx/1.10.1',
20 verbose headers   'content-type': 'application/json',
20 verbose headers   'last-modified': 'Fri, 09 Jan 2015 20:09:41 GMT',
20 verbose headers   etag: 'W/"54b03585-1cd"',
20 verbose headers   'content-encoding': 'gzip',
20 verbose headers   'cache-control': 'max-age=300',
20 verbose headers   'content-length': '277',
20 verbose headers   'accept-ranges': 'bytes',
20 verbose headers   date: 'Mon, 21 Aug 2017 14:34:54 GMT',
20 verbose headers   via: '1.1 varnish',
20 verbose headers   age: '0',
20 verbose headers   connection: 'close',
20 verbose headers   'x-served-by': 'cache-dca17745-DCA',
20 verbose headers   'x-cache': 'MISS',
20 verbose headers   'x-cache-hits': '0',
20 verbose headers   'x-timer': 'S1503326095.536078,VS0,VE46',
20 verbose headers   vary: 'Accept-Encoding, Accept' }
21 silly get cb [ 200,
21 silly get   { server: 'nginx/1.10.1',
21 silly get     'content-type': 'application/json',
21 silly get     'last-modified': 'Fri, 09 Jan 2015 20:09:41 GMT',
21 silly get     etag: 'W/"54b03585-1cd"',
21 silly get     'content-encoding': 'gzip',
21 silly get     'cache-control': 'max-age=300',
21 silly get     'content-length': '277',
21 silly get     'accept-ranges': 'bytes',
21 silly get     date: 'Mon, 21 Aug 2017 14:34:54 GMT',
21 silly get     via: '1.1 varnish',
21 silly get     age: '0',
21 silly get     connection: 'close',
21 silly get     'x-served-by': 'cache-dca17745-DCA',
21 silly get     'x-cache': 'MISS',
21 silly get     'x-cache-hits': '0',
21 silly get     'x-timer': 'S1503326095.536078,VS0,VE46',
21 silly get     vary: 'Accept-Encoding, Accept' } ]
22 verbose get saving linter-eslint to /Users/qtp228/.npm/registry.npmjs.org/linter-eslint/.cache.json
23 verbose correctMkdir /Users/qtp228/.npm correctMkdir not in flight; initializing
24 verbose stack TypeError: Cannot convert undefined or null to object
24 verbose stack     at pickVersionFromRegistryDocument (/usr/local/lib/node_modules/npm/lib/fetch-package-metadata.js:125:29)
24 verbose stack     at /usr/local/lib/node_modules/npm/node_modules/iferr/index.js:13:50
24 verbose stack     at /usr/local/lib/node_modules/npm/lib/utils/pulse-till-done.js:20:8
24 verbose stack     at saved (/usr/local/lib/node_modules/npm/lib/cache/caching-client.js:174:7)
24 verbose stack     at /usr/local/lib/node_modules/npm/node_modules/graceful-fs/polyfills.js:241:18
24 verbose stack     at FSReqWrap.oncomplete (fs.js:123:15)
25 verbose cwd /Users/qtp228/Documents/CODA/Extra/Unit-1-Project
26 error Darwin 16.7.0
27 error argv "/usr/local/bin/node" "/usr/local/bin/npm" "install" "linter-eslint"
28 error node v6.11.2
29 error npm  v3.10.10
30 error Cannot convert undefined or null to object
31 error If you need help, you may report this error at:
31 error     <https://github.com/npm/npm/issues>
32 verbose exit [ 1, true ]
